app/build/intermediates/manifest_merge_blame_file/debug/manifest-merger-blame-debug-report.txt
1<?xml version="1.0" encoding="utf-8"?>
2<manifest xmlns:android="http://schemas.android.com/apk/res/android"
3    package="com.example.last_seen_rescuer"
4    android:versionCode="1"
5    android:versionName="1.0" >
6
7    <uses-sdk
8        android:minSdkVersion="29"
8-->src\main\AndroidManifest.xml
9        android:targetSdkVersion="29" />
9-->src\main\AndroidManifest.xml
10
11    <uses-feature android:name="android.hardware.bluetooth" />
11-->src\main\AndroidManifest.xml:23:5-62
11-->src\main\AndroidManifest.xml:23:19-60
12
13    <uses-permission android:name="android.permission.BLUETOOTH" />
13-->src\main\AndroidManifest.xml:24:5-67
13-->src\main\AndroidManifest.xml:24:22-65
14    <uses-permission android:name="android.permission.BLUETOOTH_ADMIN" />
14-->src\main\AndroidManifest.xml:25:5-73
14-->src\main\AndroidManifest.xml:25:22-71
15    <uses-permission android:name="android.permission.ACCESS_COARSE_LOCATION" />
15-->src\main\AndroidManifest.xml:26:5-80
15-->src\main\AndroidManifest.xml:26:22-78
16    <uses-permission android:name="android.permission.ACCESS_FINE_LOCATION" />
16-->src\main\AndroidManifest.xml:27:5-78
16-->src\main\AndroidManifest.xml:27:22-76
17    <uses-permission android:name="android.permission.INTERNET" />
17-->src\main\AndroidManifest.xml:28:5-66
17-->src\main\AndroidManifest.xml:28:22-64
18
19    <application
19-->src\main\AndroidManifest.xml:5:5-21:19
20        android:allowBackup="true"
20-->src\main\AndroidManifest.xml:6:9-35
21        android:appComponentFactory="androidx.core.app.CoreComponentFactory"
21-->[androidx.core:core:1.2.0] AndroidManifest.xml:24:18-86
22        android:debuggable="true"
23        android:extractNativeLibs="false"
24        android:icon="@mipmap/ic_launcher"
24-->src\main\AndroidManifest.xml:7:9-43
25        android:label="@string/app_name"
25-->src\main\AndroidManifest.xml:8:9-41
26        android:roundIcon="@mipmap/ic_launcher_round"
26-->src\main\AndroidManifest.xml:9:9-54
27        android:supportsRtl="true"
27-->src\main\AndroidManifest.xml:10:9-35
28        android:testOnly="true"
29        android:theme="@style/AppTheme" >
29-->src\main\AndroidManifest.xml:11:9-40
30        <activity android:name="com.example.last_seen_rescuer.MainActivity" >
30-->src\main\AndroidManifest.xml:12:9-18:20
30-->src\main\AndroidManifest.xml:12:19-47
31            <intent-filter>
31-->src\main\AndroidManifest.xml:13:13-17:29
32                <action android:name="android.intent.action.MAIN" />
32-->src\main\AndroidManifest.xml:14:17-69
32-->src\main\AndroidManifest.xml:14:25-66
33
34                <category android:name="android.intent.category.LAUNCHER" />
34-->src\main\AndroidManifest.xml:16:17-77
34-->src\main\AndroidManifest.xml:16:27-74
35            </intent-filter>
36        </activity>
37        <activity android:name="com.example.last_seen_rescuer.BluetoothPage" />
37-->src\main\AndroidManifest.xml:19:9-60
37-->src\main\AndroidManifest.xml:19:19-48
38        <activity android:name="com.example.last_seen_rescuer.SelectionPage" />
38-->src\main\AndroidManifest.xml:20:9-51
38-->src\main\AndroidManifest.xml:20:19-48
39    </application>
40
41</manifest>